Using pre-set license
Built from '2020.3/release' branch; Version is '2020.3.7f1 (dd97f2c94397) revision 14522354'; Using compiler version '192528614'; Build Type 'Release'
OS: 'Windows 10 Home; OS build 19043.1766; Version 2009; 64bit' Language: 'ja' Physical Memory: 32698 MB
BatchMode: 1, IsHumanControllingUs: 0, StartBugReporterOnCrash: 0, Is64bit: 1, IsPro: 0

 COMMAND LINE ARGUMENTS:
C:\Program Files\2020.3.7f1\Editor\Unity.exe
-adb2
-batchMode
-noUpm
-name
AssetImportWorker0
-projectPath
C:/Unity_Bilder/Unity_to_WebGLBilde/Chemical-Quest
-logFile
Logs/AssetImportWorker0.log
-srvPort
62668
Successfully changed project path to: C:/Unity_Bilder/Unity_to_WebGLBilde/Chemical-Quest
C:/Unity_Bilder/Unity_to_WebGLBilde/Chemical-Quest
Using Asset Import Pipeline V2.
Refreshing native plugins compatible for Editor in 39.01 ms, found 1 plugins.
Preloading 0 native plugins for Editor in 0.00 ms.
Initialize engine version: 2020.3.7f1 (dd97f2c94397)
[Subsystems] Discovering subsystems at path C:/Program Files/2020.3.7f1/Editor/Data/Resources/UnitySubsystems
[Subsystems] Discovering subsystems at path C:/Unity_Bilder/Unity_to_WebGLBilde/Chemical-Quest/Assets
GfxDevice: creating device client; threaded=0
Direct3D:
    Version:  Direct3D 11.0 [level 11.1]
    Renderer: NVIDIA GeForce RTX 3060 (ID=0x2503)
    Vendor:   
    VRAM:     12143 MB
    Driver:   27.21.14.6172
Initialize mono
Mono path[0] = 'C:/Program Files/2020.3.7f1/Editor/Data/Managed'
Mono path[1] = 'C:/Program Files/2020.3.7f1/Editor/Data/MonoBleedingEdge/lib/mono/unityjit'
Mono config path = 'C:/Program Files/2020.3.7f1/Editor/Data/MonoBleedingEdge/etc'
Using monoOptions --debugger-agent=transport=dt_socket,embedding=1,server=y,suspend=n,address=127.0.0.1:56296
Begin MonoManager ReloadAssembly
Registering precompiled unity dll's ...
Register platform support module: C:/Program Files/2020.3.7f1/Editor/Data/PlaybackEngines/WebGLSupport/UnityEditor.WebGL.Extensions.dll
Register platform support module: C:/Program Files/2020.3.7f1/Editor/Data/PlaybackEngines/WindowsStandaloneSupport/UnityEditor.WindowsStandalone.Extensions.dll
Registered in 0.002445 seconds.
Native extension for WindowsStandalone target not found
Native extension for WebGL target not found
Refreshing native plugins compatible for Editor in 52.58 ms, found 1 plugins.
Preloading 0 native plugins for Editor in 0.00 ms.
Mono: successfully reloaded assembly
- Completed reload, in  1.445 seconds
Platform modules already initialized, skipping
Registering precompiled user dll's ...
Registered in 0.001015 seconds.
Begin MonoManager ReloadAssembly
Native extension for WindowsStandalone target not found
Native extension for WebGL target not found
Refreshing native plugins compatible for Editor in 40.48 ms, found 1 plugins.
Preloading 0 native plugins for Editor in 0.00 ms.
Mono: successfully reloaded assembly
- Completed reload, in  0.994 seconds
Platform modules already initialized, skipping
========================================================================
Worker process is ready to serve import requests
Launched and connected shader compiler UnityShaderCompiler.exe after 0.04 seconds
Refreshing native plugins compatible for Editor in 0.42 ms, found 1 plugins.
Preloading 0 native plugins for Editor in 0.00 ms.
Unloading 1820 Unused Serialized files (Serialized files now loaded: 0)
System memory in use before: 87.9 MB.
System memory in use after: 88.0 MB.

Unloading 19 unused Assets to reduce memory usage. Loaded Objects now: 2267.
Total: 2.943400 ms (FindLiveObjects: 0.357600 ms CreateObjectMapping: 0.042300 ms MarkObjects: 2.448000 ms  DeleteObjects: 0.094000 ms)

========================================================================
Received Import Request.
  path: Assets/New Material.mat
  artifactKey: Guid(0e7ca695a28d33c41880615785acd2d3) Importer(815301076,1909f56bfc062723c751e8b465ee728b)
Start importing Assets/New Material.mat using Guid(0e7ca695a28d33c41880615785acd2d3) Importer(815301076,1909f56bfc062723c751e8b465ee728b)  -> (artifact id: 'b0bdfbd6040b17b7319fc7196e50b52b') in 0.310817 seconds
  Import took 0.314127 seconds .

========================================================================
Received Import Request.
  Time since last request: 19.036067 seconds.
  path: Assets/Image/goal1.png
  artifactKey: Guid(9e0fedbfe789bae4c8b6b98224409433) Importer(815301076,1909f56bfc062723c751e8b465ee728b)
Start importing Assets/Image/goal1.png using Guid(9e0fedbfe789bae4c8b6b98224409433) Importer(815301076,1909f56bfc062723c751e8b465ee728b)  -> (artifact id: 'da3d9ec6d5aaf784221af3f2a7b89b3e') in 0.059762 seconds
  Import took 0.062644 seconds .

========================================================================
Received Import Request.
  Time since last request: 0.000195 seconds.
  path: Assets/Image/グループ 69.png
  artifactKey: Guid(1550f08a926a6084f82be022241c166d) Importer(815301076,1909f56bfc062723c751e8b465ee728b)
Start importing Assets/Image/グループ 69.png using Guid(1550f08a926a6084f82be022241c166d) Importer(815301076,1909f56bfc062723c751e8b465ee728b)  -> (artifact id: '452eb66ccd99dcf8041fbd611a2843ea') in 0.016819 seconds
  Import took 0.019606 seconds .

========================================================================
Received Import Request.
  Time since last request: 0.000154 seconds.
  path: Assets/Image/グループ 149wqew.png
  artifactKey: Guid(dd5c76511c2d5a6458cb92e7175080ab) Importer(815301076,1909f56bfc062723c751e8b465ee728b)
Start importing Assets/Image/グループ 149wqew.png using Guid(dd5c76511c2d5a6458cb92e7175080ab) Importer(815301076,1909f56bfc062723c751e8b465ee728b)  -> (artifact id: '714f21a93133931fbb556fccf2f196fc') in 0.015148 seconds
  Import took 0.017670 seconds .

========================================================================
Received Import Request.
  Time since last request: 0.000163 seconds.
  path: Assets/Image/New Palette 1.prefab
  artifactKey: Guid(e6bad395cd33b73468c759212eab414f) Importer(815301076,1909f56bfc062723c751e8b465ee728b)
Start importing Assets/Image/New Palette 1.prefab using Guid(e6bad395cd33b73468c759212eab414f) Importer(815301076,1909f56bfc062723c751e8b465ee728b)  -> (artifact id: '7084441086f11900ab719f5b1aba1f5d') in 0.013380 seconds
  Import took 0.015910 seconds .

========================================================================
Received Import Request.
  Time since last request: 0.000166 seconds.
  path: Assets/Image/グループ 701.png
  artifactKey: Guid(5bb6747b8701b754e804dcd8265af813) Importer(815301076,1909f56bfc062723c751e8b465ee728b)
Start importing Assets/Image/グループ 701.png using Guid(5bb6747b8701b754e804dcd8265af813) Importer(815301076,1909f56bfc062723c751e8b465ee728b)  -> (artifact id: '2914b975bf5bcef257b7785944e4ce62') in 0.023588 seconds
  Import took 0.026209 seconds .

========================================================================
Received Import Request.
  Time since last request: 0.000216 seconds.
  path: Assets/Image/グループ 696.png
  artifactKey: Guid(f80323604636bfb41b442571d1ed0af7) Importer(815301076,1909f56bfc062723c751e8b465ee728b)
Start importing Assets/Image/グループ 696.png using Guid(f80323604636bfb41b442571d1ed0af7) Importer(815301076,1909f56bfc062723c751e8b465ee728b)  -> (artifact id: 'e8fc717caf69fce9d8579a2077df5bae') in 0.018886 seconds
  Import took 0.021908 seconds .

========================================================================
Received Import Request.
  Time since last request: 0.000338 seconds.
  path: Assets/Image/グループ 705.png
  artifactKey: Guid(0481e8cb8e6e0844aa05570f95075631) Importer(815301076,1909f56bfc062723c751e8b465ee728b)
Start importing Assets/Image/グループ 705.png using Guid(0481e8cb8e6e0844aa05570f95075631) Importer(815301076,1909f56bfc062723c751e8b465ee728b)  -> (artifact id: 'c9f979f4726d0a4ea0e9cf42dcd15835') in 0.016421 seconds
  Import took 0.019449 seconds .

========================================================================
Received Import Request.
  Time since last request: 0.000176 seconds.
  path: Assets/Image/グループ 689.png
  artifactKey: Guid(245e5ed97dc79a9469799cdef7d598c3) Importer(815301076,1909f56bfc062723c751e8b465ee728b)
Start importing Assets/Image/グループ 689.png using Guid(245e5ed97dc79a9469799cdef7d598c3) Importer(815301076,1909f56bfc062723c751e8b465ee728b)  -> (artifact id: '84cdf0145ce4abb2e6a79d89de50514d') in 0.015052 seconds
  Import took 0.017916 seconds .

========================================================================
Received Import Request.
  Time since last request: 0.000170 seconds.
  path: Assets/Image/グループ 702.png
  artifactKey: Guid(c325aef44a923e94ca0584d8d5219f37) Importer(815301076,1909f56bfc062723c751e8b465ee728b)
Start importing Assets/Image/グループ 702.png using Guid(c325aef44a923e94ca0584d8d5219f37) Importer(815301076,1909f56bfc062723c751e8b465ee728b)  -> (artifact id: '784ffe6757f390d733cceb73d05b2a4f') in 0.021950 seconds
  Import took 0.024437 seconds .

========================================================================
Received Import Request.
  Time since last request: 0.000153 seconds.
  path: Assets/Image/グループ 303.png
  artifactKey: Guid(e1f0993f6aee07d468855ade59260bcd) Importer(815301076,1909f56bfc062723c751e8b465ee728b)
Start importing Assets/Image/グループ 303.png using Guid(e1f0993f6aee07d468855ade59260bcd) Importer(815301076,1909f56bfc062723c751e8b465ee728b)  -> (artifact id: '5464adb0f9505c59290f302a7eb8b769') in 0.017071 seconds
  Import took 0.019797 seconds .

========================================================================
Received Import Request.
  Time since last request: 0.000162 seconds.
  path: Assets/Image/グループ 699.png
  artifactKey: Guid(9a3e4b43efec8654c9d3108291d45c49) Importer(815301076,1909f56bfc062723c751e8b465ee728b)
Start importing Assets/Image/グループ 699.png using Guid(9a3e4b43efec8654c9d3108291d45c49) Importer(815301076,1909f56bfc062723c751e8b465ee728b)  -> (artifact id: '8cf3850c3a4a93d7ae7a431f3d361dfc') in 0.012602 seconds
  Import took 0.015478 seconds .

========================================================================
Received Import Request.
  Time since last request: 0.000171 seconds.
  path: Assets/Image/グループ 698.png
  artifactKey: Guid(063c0a509723c5b4b9328c5151cd4b86) Importer(815301076,1909f56bfc062723c751e8b465ee728b)
Start importing Assets/Image/グループ 698.png using Guid(063c0a509723c5b4b9328c5151cd4b86) Importer(815301076,1909f56bfc062723c751e8b465ee728b)  -> (artifact id: '0fcb930d29f1b47ee485f2e64968eb9d') in 0.020034 seconds
  Import took 0.022557 seconds .

========================================================================
Received Import Request.
  Time since last request: 0.000169 seconds.
  path: Assets/Image/グループ 704.png
  artifactKey: Guid(1270529f70841e44ab11b3f94365baee) Importer(815301076,1909f56bfc062723c751e8b465ee728b)
Start importing Assets/Image/グループ 704.png using Guid(1270529f70841e44ab11b3f94365baee) Importer(815301076,1909f56bfc062723c751e8b465ee728b)  -> (artifact id: 'a591cc276fe13af8cdd4181ee478e10f') in 0.014120 seconds
  Import took 0.016541 seconds .

========================================================================
Received Import Request.
  Time since last request: 0.000160 seconds.
  path: Assets/Image/Stage clear.png
  artifactKey: Guid(aec0d2da035722c4ea2ddf543dd45e98) Importer(815301076,1909f56bfc062723c751e8b465ee728b)
Start importing Assets/Image/Stage clear.png using Guid(aec0d2da035722c4ea2ddf543dd45e98) Importer(815301076,1909f56bfc062723c751e8b465ee728b)  -> (artifact id: '0b4e5cc872c8f8f55ccc3efacb837542') in 0.013187 seconds
  Import took 0.015690 seconds .

========================================================================
Received Import Request.
  Time since last request: 0.000153 seconds.
  path: Assets/Image/グループ 690.png
  artifactKey: Guid(4447fb57052289f4ab0eb9d3482cfcb3) Importer(815301076,1909f56bfc062723c751e8b465ee728b)
Start importing Assets/Image/グループ 690.png using Guid(4447fb57052289f4ab0eb9d3482cfcb3) Importer(815301076,1909f56bfc062723c751e8b465ee728b)  -> (artifact id: 'e85a37f445561bb6ee141db0d7bef3a6') in 0.023611 seconds
  Import took 0.026272 seconds .

========================================================================
Received Import Request.
  Time since last request: 0.000231 seconds.
  path: Assets/Image/グループ 694.png
  artifactKey: Guid(5b5de328fd361174c8ab244be66515ec) Importer(815301076,1909f56bfc062723c751e8b465ee728b)
Start importing Assets/Image/グループ 694.png using Guid(5b5de328fd361174c8ab244be66515ec) Importer(815301076,1909f56bfc062723c751e8b465ee728b)  -> (artifact id: 'e0b7a78c7efe91e39da6c0076b55c7b2') in 0.017245 seconds
  Import took 0.020460 seconds .

========================================================================
Received Import Request.
  Time since last request: 0.000164 seconds.
  path: Assets/Image/グループ 695.png
  artifactKey: Guid(b946c6bf3f6a74346a75d6248995e22f) Importer(815301076,1909f56bfc062723c751e8b465ee728b)
Start importing Assets/Image/グループ 695.png using Guid(b946c6bf3f6a74346a75d6248995e22f) Importer(815301076,1909f56bfc062723c751e8b465ee728b)  -> (artifact id: '980f5f684cd4a9699f8628cd74df1508') in 0.020639 seconds
  Import took 0.023151 seconds .

========================================================================
Received Import Request.
  Time since last request: 0.000162 seconds.
  path: Assets/Image/グループ 555.png
  artifactKey: Guid(2402f8d9920194d4787fe2af16c3ec60) Importer(815301076,1909f56bfc062723c751e8b465ee728b)
Start importing Assets/Image/グループ 555.png using Guid(2402f8d9920194d4787fe2af16c3ec60) Importer(815301076,1909f56bfc062723c751e8b465ee728b)  -> (artifact id: '927022a87ab4cf108b6728033c735138') in 0.021980 seconds
  Import took 0.024512 seconds .

========================================================================
Received Import Request.
  Time since last request: 0.000167 seconds.
  path: Assets/Image/New Palette.prefab
  artifactKey: Guid(f6ddfa4b4a012af49b5f8a7c25f3216f) Importer(815301076,1909f56bfc062723c751e8b465ee728b)
Start importing Assets/Image/New Palette.prefab using Guid(f6ddfa4b4a012af49b5f8a7c25f3216f) Importer(815301076,1909f56bfc062723c751e8b465ee728b)  -> (artifact id: '131dfef7b71d5a56a3bda6af99bbe65d') in 0.007142 seconds
  Import took 0.009724 seconds .

========================================================================
Received Import Request.
  Time since last request: 0.000178 seconds.
  path: Assets/Image/グループ 706.png
  artifactKey: Guid(0bdb951f8188967418ef0b8a866ad98d) Importer(815301076,1909f56bfc062723c751e8b465ee728b)
Start importing Assets/Image/グループ 706.png using Guid(0bdb951f8188967418ef0b8a866ad98d) Importer(815301076,1909f56bfc062723c751e8b465ee728b)  -> (artifact id: '44a8f243f64a6add7c4b33b8f4bf6ba0') in 0.018924 seconds
  Import took 0.021572 seconds .

========================================================================
Received Import Request.
  Time since last request: 0.000222 seconds.
  path: Assets/Image/グループ 69.asset
  artifactKey: Guid(4f1cbdf622845924f814cbb9476ab95b) Importer(815301076,1909f56bfc062723c751e8b465ee728b)
Start importing Assets/Image/グループ 69.asset using Guid(4f1cbdf622845924f814cbb9476ab95b) Importer(815301076,1909f56bfc062723c751e8b465ee728b)  -> (artifact id: '0fbb530a4e3dc201eeecfced0e61ee64') in 0.037017 seconds
  Import took 0.039908 seconds .

========================================================================
Received Import Request.
  Time since last request: 0.000213 seconds.
  path: Assets/Image/グループ 693.png
  artifactKey: Guid(b3810b98c90155f46ae6d39d6dc93084) Importer(815301076,1909f56bfc062723c751e8b465ee728b)
Start importing Assets/Image/グループ 693.png using Guid(b3810b98c90155f46ae6d39d6dc93084) Importer(815301076,1909f56bfc062723c751e8b465ee728b)  -> (artifact id: '0c4fa791c6622f8a9d7f64d93e312865') in 0.015747 seconds
  Import took 0.018586 seconds .

========================================================================
Received Import Request.
  Time since last request: 0.000172 seconds.
  path: Assets/Image/グループ 700.png
  artifactKey: Guid(1c76f26beb9c4674e9070d946a151dd9) Importer(815301076,1909f56bfc062723c751e8b465ee728b)
Start importing Assets/Image/グループ 700.png using Guid(1c76f26beb9c4674e9070d946a151dd9) Importer(815301076,1909f56bfc062723c751e8b465ee728b)  -> (artifact id: '0876602669cd7ba7b990ad73cbbec3d8') in 0.018367 seconds
  Import took 0.021006 seconds .

========================================================================
Received Import Request.
  Time since last request: 0.000187 seconds.
  path: Assets/Image/グループ 703.png
  artifactKey: Guid(33f6036c647db94449ee241e3159923d) Importer(815301076,1909f56bfc062723c751e8b465ee728b)
Start importing Assets/Image/グループ 703.png using Guid(33f6036c647db94449ee241e3159923d) Importer(815301076,1909f56bfc062723c751e8b465ee728b)  -> (artifact id: 'fb32976bb6b5c69241b4f71bccd37938') in 0.017646 seconds
  Import took 0.020392 seconds .

========================================================================
Received Import Request.
  Time since last request: 0.000174 seconds.
  path: Assets/Image/グループ 691.png
  artifactKey: Guid(acfe727e3c464744890323d976f69495) Importer(815301076,1909f56bfc062723c751e8b465ee728b)
Start importing Assets/Image/グループ 691.png using Guid(acfe727e3c464744890323d976f69495) Importer(815301076,1909f56bfc062723c751e8b465ee728b)  -> (artifact id: 'fb1ab45f19e00ade93ccb38db64764dd') in 0.016147 seconds
  Import took 0.020331 seconds .

========================================================================
Received Import Request.
  Time since last request: 0.000240 seconds.
  path: Assets/Image/グループ 697.png
  artifactKey: Guid(50462fd1799acae4d8ca12214a223b9f) Importer(815301076,1909f56bfc062723c751e8b465ee728b)
Start importing Assets/Image/グループ 697.png using Guid(50462fd1799acae4d8ca12214a223b9f) Importer(815301076,1909f56bfc062723c751e8b465ee728b)  -> (artifact id: '58a2ec1d7f26ec8981a7325d46ede96f') in 0.016127 seconds
  Import took 0.019251 seconds .

========================================================================
Received Import Request.
  Time since last request: 0.000167 seconds.
  path: Assets/Prehub/GImiku 1.prefab
  artifactKey: Guid(184b2522a23e70545bd54d41cc5692c2) Importer(815301076,1909f56bfc062723c751e8b465ee728b)
Start importing Assets/Prehub/GImiku 1.prefab using Guid(184b2522a23e70545bd54d41cc5692c2) Importer(815301076,1909f56bfc062723c751e8b465ee728b)  -> (artifact id: '86280a7ca7f267d1166c44c4b2a59946') in 0.008818 seconds
  Import took 0.011793 seconds .

========================================================================
Received Import Request.
  Time since last request: 0.000208 seconds.
  path: Assets/Prehub/GroundPase.prefab
  artifactKey: Guid(be35c34926292724babf3bf83dc92ee4) Importer(815301076,1909f56bfc062723c751e8b465ee728b)
Start importing Assets/Prehub/GroundPase.prefab using Guid(be35c34926292724babf3bf83dc92ee4) Importer(815301076,1909f56bfc062723c751e8b465ee728b)  -> (artifact id: 'cebe044720132698e6bd6794a7d31911') in 0.021850 seconds
  Import took 0.025081 seconds .

========================================================================
Received Import Request.
  Time since last request: 0.000186 seconds.
  path: Assets/Prehub/GroundPaseGreen.prefab
  artifactKey: Guid(012b37b49afaa704eb07cf7188afd6a3) Importer(815301076,1909f56bfc062723c751e8b465ee728b)
Start importing Assets/Prehub/GroundPaseGreen.prefab using Guid(012b37b49afaa704eb07cf7188afd6a3) Importer(815301076,1909f56bfc062723c751e8b465ee728b)  -> (artifact id: '0b63eacb330c4224f793d57a0e754b8e') in 0.018474 seconds
  Import took 0.022048 seconds .

========================================================================
Received Import Request.
  Time since last request: 0.000236 seconds.
  path: Assets/Prehub/Goal.prefab
  artifactKey: Guid(a3263d982059e1a4586d430b119a8495) Importer(815301076,1909f56bfc062723c751e8b465ee728b)
Start importing Assets/Prehub/Goal.prefab using Guid(a3263d982059e1a4586d430b119a8495) Importer(815301076,1909f56bfc062723c751e8b465ee728b)  -> (artifact id: 'ccc07c48f9a906ac4d236ffca083aa8e') in 0.022284 seconds
  Import took 0.025654 seconds .

========================================================================
Received Import Request.
  Time since last request: 0.000202 seconds.
  path: Assets/Prehub/SoundTOButton.prefab
  artifactKey: Guid(f0f891aa5e5120049a502b46395cf6b9) Importer(815301076,1909f56bfc062723c751e8b465ee728b)
Start importing Assets/Prehub/SoundTOButton.prefab using Guid(f0f891aa5e5120049a502b46395cf6b9) Importer(815301076,1909f56bfc062723c751e8b465ee728b)  -> (artifact id: '409573f515df4928e88bb0e52fada418') in 0.010397 seconds
  Import took 0.013827 seconds .

========================================================================
Received Import Request.
  Time since last request: 0.000179 seconds.
  path: Assets/Prehub/Canvas.prefab
  artifactKey: Guid(f6d14f01e7fc4f8469267a230f8ac669) Importer(815301076,1909f56bfc062723c751e8b465ee728b)
Start importing Assets/Prehub/Canvas.prefab using Guid(f6d14f01e7fc4f8469267a230f8ac669) Importer(815301076,1909f56bfc062723c751e8b465ee728b)  -> (artifact id: '72ede1e77fae704caa98501bf66a1fb5') in 0.031535 seconds
  Import took 0.034806 seconds .

========================================================================
Received Import Request.
  Time since last request: 0.000214 seconds.
  path: Assets/Prehub/Player.prefab
  artifactKey: Guid(c3f97f959e773554dbeb514f389fadba) Importer(815301076,1909f56bfc062723c751e8b465ee728b)
Start importing Assets/Prehub/Player.prefab using Guid(c3f97f959e773554dbeb514f389fadba) Importer(815301076,1909f56bfc062723c751e8b465ee728b)  -> (artifact id: '98f93363efcbbccffdb42a663d43452a') in 0.025372 seconds
  Import took 0.028915 seconds .

========================================================================
Received Import Request.
  Time since last request: 0.000182 seconds.
  path: Assets/Prehub/SentralManager.prefab
  artifactKey: Guid(91e73b3637140f84694879cf3c353da0) Importer(815301076,1909f56bfc062723c751e8b465ee728b)
Start importing Assets/Prehub/SentralManager.prefab using Guid(91e73b3637140f84694879cf3c353da0) Importer(815301076,1909f56bfc062723c751e8b465ee728b)  -> (artifact id: '95c8705d02aaa9034f65abe97ccf04b6') in 0.009162 seconds
  Import took 0.013146 seconds .

========================================================================
Received Import Request.
  Time since last request: 0.000251 seconds.
  path: Assets/Prehub/DedSpase.prefab
  artifactKey: Guid(48f099b39212b984d9460bf0aa43c03d) Importer(815301076,1909f56bfc062723c751e8b465ee728b)
Start importing Assets/Prehub/DedSpase.prefab using Guid(48f099b39212b984d9460bf0aa43c03d) Importer(815301076,1909f56bfc062723c751e8b465ee728b)  -> (artifact id: '0fa4bd473d782ae1b38fca9d06a4ead4') in 0.010291 seconds
  Import took 0.014318 seconds .

========================================================================
Received Import Request.
  Time since last request: 0.000199 seconds.
  path: Assets/Prehub/Stagee1 (24).prefab
  artifactKey: Guid(956ce36b695609449b1d5c153a816434) Importer(815301076,1909f56bfc062723c751e8b465ee728b)
Start importing Assets/Prehub/Stagee1 (24).prefab using Guid(956ce36b695609449b1d5c153a816434) Importer(815301076,1909f56bfc062723c751e8b465ee728b)  -> (artifact id: 'e04e3af7bcb363e7ea102644e8bbfe3f') in 0.010077 seconds
  Import took 0.013461 seconds .

========================================================================
Received Import Request.
  Time since last request: 0.000249 seconds.
  path: Assets/Prehub/SpoitYellow Variant.prefab
  artifactKey: Guid(b68d7167e844fb64da4521947fd5813b) Importer(815301076,1909f56bfc062723c751e8b465ee728b)
Start importing Assets/Prehub/SpoitYellow Variant.prefab using Guid(b68d7167e844fb64da4521947fd5813b) Importer(815301076,1909f56bfc062723c751e8b465ee728b)  -> (artifact id: '0e377bb58b31263ea50e372439ceccec') in 0.020437 seconds
  Import took 0.024404 seconds .

========================================================================
Received Import Request.
  Time since last request: 0.000197 seconds.
  path: Assets/Prehub/Ground-Chemical-resistance.prefab
  artifactKey: Guid(9cc6c9c753042e746927c026ff0d588f) Importer(815301076,1909f56bfc062723c751e8b465ee728b)
Start importing Assets/Prehub/Ground-Chemical-resistance.prefab using Guid(9cc6c9c753042e746927c026ff0d588f) Importer(815301076,1909f56bfc062723c751e8b465ee728b)  -> (artifact id: 'd8c7c6b1b792d1ec9e98ee304c51ccd5') in 0.008245 seconds
  Import took 0.011413 seconds .

========================================================================
Received Import Request.
  Time since last request: 0.000267 seconds.
  path: Assets/Prehub/SceneManager.prefab
  artifactKey: Guid(888f4d3930559d049b4e80b4c9f42f78) Importer(815301076,1909f56bfc062723c751e8b465ee728b)
Start importing Assets/Prehub/SceneManager.prefab using Guid(888f4d3930559d049b4e80b4c9f42f78) Importer(815301076,1909f56bfc062723c751e8b465ee728b)  -> (artifact id: '5b4bc8a6641b4a950308a38d3c3ef0ff') in 0.008297 seconds
  Import took 0.011567 seconds .

========================================================================
Received Import Request.
  Time since last request: 0.000206 seconds.
  path: Assets/Image/グループ 303.asset
  artifactKey: Guid(db7983a0d3bf94b418cd6657a0466d6c) Importer(815301076,1909f56bfc062723c751e8b465ee728b)
Start importing Assets/Image/グループ 303.asset using Guid(db7983a0d3bf94b418cd6657a0466d6c) Importer(815301076,1909f56bfc062723c751e8b465ee728b)  -> (artifact id: '6407ff856ef463970a26116a54c6014e') in 0.014622 seconds
  Import took 0.017815 seconds .

========================================================================
Received Import Request.
  Time since last request: 0.000182 seconds.
  path: Assets/Image/goal2.png
  artifactKey: Guid(1f79e19f772d6464cb9e7e98d9ddc69b) Importer(815301076,1909f56bfc062723c751e8b465ee728b)
Start importing Assets/Image/goal2.png using Guid(1f79e19f772d6464cb9e7e98d9ddc69b) Importer(815301076,1909f56bfc062723c751e8b465ee728b)  -> (artifact id: '29204ba6cc121182222cbe6d6dff1cf1') in 0.020211 seconds
  Import took 0.023205 seconds .

========================================================================
Received Import Request.
  Time since last request: 0.000174 seconds.
  path: Assets/Image/グループ 692.png
  artifactKey: Guid(247993d46484b9d45b18035c9c8b74f5) Importer(815301076,1909f56bfc062723c751e8b465ee728b)
Start importing Assets/Image/グループ 692.png using Guid(247993d46484b9d45b18035c9c8b74f5) Importer(815301076,1909f56bfc062723c751e8b465ee728b)  -> (artifact id: '72f43f10593adf03f05751e9a48eeeab') in 0.014745 seconds
  Import took 0.017598 seconds .

========================================================================
Received Import Request.
  Time since last request: 0.000204 seconds.
  path: Assets/Prehub/GroundPase (1) Variant.prefab
  artifactKey: Guid(490b71ab9f2122143b3fb2f418519903) Importer(815301076,1909f56bfc062723c751e8b465ee728b)
Start importing Assets/Prehub/GroundPase (1) Variant.prefab using Guid(490b71ab9f2122143b3fb2f418519903) Importer(815301076,1909f56bfc062723c751e8b465ee728b)  -> (artifact id: '50f0b3b2dead64b89c53ffd7ef251ca1') in 0.012703 seconds
  Import took 0.015381 seconds .

========================================================================
Received Import Request.
  Time since last request: 0.000156 seconds.
  path: Assets/Image/グループ 548.png
  artifactKey: Guid(c078c040bd90f1c4a8dd2ea8f352b5e9) Importer(815301076,1909f56bfc062723c751e8b465ee728b)
Start importing Assets/Image/グループ 548.png using Guid(c078c040bd90f1c4a8dd2ea8f352b5e9) Importer(815301076,1909f56bfc062723c751e8b465ee728b)  -> (artifact id: '46910c01303afa7e976b5a8199439df9') in 0.015847 seconds
  Import took 0.018728 seconds .

========================================================================
Received Import Request.
  Time since last request: 3.291753 seconds.
  path: Assets/Resources/NotCrearStage.png
  artifactKey: Guid(b7a057e4b96a4834e9bd367776e6ddff) Importer(815301076,1909f56bfc062723c751e8b465ee728b)
Start importing Assets/Resources/NotCrearStage.png using Guid(b7a057e4b96a4834e9bd367776e6ddff) Importer(815301076,1909f56bfc062723c751e8b465ee728b)  -> (artifact id: '34c6d7cc5b4beabcbbc3247d8e80eb65') in 0.013807 seconds
  Import took 0.016820 seconds .

========================================================================
Received Import Request.
  Time since last request: 1.930125 seconds.
  path: Assets/Scenes/Main.unity
  artifactKey: Guid(66aec497519245547bb62e8efbd5f34c) Importer(815301076,1909f56bfc062723c751e8b465ee728b)
Start importing Assets/Scenes/Main.unity using Guid(66aec497519245547bb62e8efbd5f34c) Importer(815301076,1909f56bfc062723c751e8b465ee728b)  -> (artifact id: 'ed3e307d82c996d81e28ec0e592441b0') in 0.006339 seconds
  Import took 0.009206 seconds .

========================================================================
Received Import Request.
  Time since last request: 0.005243 seconds.
  path: Assets/Scenes/Main.unity
  artifactKey: Guid(66aec497519245547bb62e8efbd5f34c) Importer(815301076,1909f56bfc062723c751e8b465ee728b)
Start importing Assets/Scenes/Main.unity using Guid(66aec497519245547bb62e8efbd5f34c) Importer(815301076,1909f56bfc062723c751e8b465ee728b)  -> (artifact id: 'ed3e307d82c996d81e28ec0e592441b0') in 0.002236 seconds
  Import took 0.004219 seconds .

========================================================================
Received Prepare
Refreshing native plugins compatible for Editor in 1.67 ms, found 1 plugins.
Preloading 0 native plugins for Editor in 0.00 ms.
Unloading 5 Unused Serialized files (Serialized files now loaded: 0)
System memory in use before: 57.6 MB.
System memory in use after: 57.7 MB.

Unloading 5 unused Assets to reduce memory usage. Loaded Objects now: 2325.
Total: 2.259800 ms (FindLiveObjects: 0.251500 ms CreateObjectMapping: 0.040500 ms MarkObjects: 1.951800 ms  DeleteObjects: 0.014900 ms)

AssetImportWorkerClient::OnTransportError - code=2 error=End of file
